\BOOKMARK [1][-]{section*.4}{Introduction}{}
\BOOKMARK [1][-]{section*.5}{Page Size and Columns}{}
\BOOKMARK [1][-]{section*.6}{Typeset Text}{}
\BOOKMARK [2][-]{section*.7}{Title and Authors}{section*.6}
\BOOKMARK [2][-]{section*.8}{Abstract and Keywords}{section*.6}
\BOOKMARK [2][-]{section*.9}{Normal or Body Text}{section*.6}
\BOOKMARK [2][-]{section*.10}{First Page Copyright Notice}{section*.6}
\BOOKMARK [2][-]{section*.11}{Subsequent Pages}{section*.6}
\BOOKMARK [2][-]{section*.12}{References and Citations}{section*.6}
\BOOKMARK [1][-]{section*.13}{Sections}{}
\BOOKMARK [2][-]{section*.14}{Subsections}{section*.13}
\BOOKMARK [3][-]{section*.15}{Sub-subsections}{section*.14}
\BOOKMARK [1][-]{section*.16}{Figures/Captions}{}
\BOOKMARK [1][-]{section*.17}{Language, Style and Content}{}
\BOOKMARK [1][-]{section*.18}{Accessibility}{}
\BOOKMARK [1][-]{section*.19}{Page Numbering, Headers and Footers}{}
\BOOKMARK [1][-]{section*.20}{Producing and Testing PDF Files}{}
\BOOKMARK [1][-]{section*.21}{Conclusion}{}
\BOOKMARK [1][-]{section*.22}{Acknowledgments}{}
\BOOKMARK [1][-]{section*.23}{References format}{}
\BOOKMARK [1][-]{section*.24}{REFERENCES }{}
